%!Adobe-FontList 1.14
%Locale:0x404

%BeginFont
Handler:DirectoryHandler
FontType:Invalid
OutlineFileName:D:\Dropbox\Public\archtour\Font\ctai.eot
FileModTime:1437286748
%EndFont

%BeginFont
Handler:DirectoryHandler
FontType:Invalid
OutlineFileName:D:\Dropbox\Public\archtour\Font\ctai.svg
FileModTime:1437286744
%EndFont

%BeginFont
Handler:DirectoryHandler
FontType:TrueType
FontName:ctai
FamilyName:ctai
StyleName:Regular
FullName:ctai
MenuName:ctai
StyleBits:0
FamilyNameNative:
StyleNameNative:Regular
FullNameNative:
WritingScript:Korean
OutlineFileName:D:\Dropbox\Public\archtour\Font\ctai.ttf
DataFormat:sfntData
FileLength:1624
FileModTime:1437286748
WeightClass:400
WidthClass:5
AngleClass:0
%EndFont

%BeginFont
Handler:DirectoryHandler
FontType:Invalid
OutlineFileName:D:\Dropbox\Public\archtour\Font\ctai.woff
FileModTime:1437286748
%EndFont

%BeginFont
Handler:DirectoryHandler
FontType:Invalid
OutlineFileName:D:\Dropbox\Public\archtour\Font\svg\arrow_left.svg
FileModTime:1435724783
%EndFont

%BeginFont
Handler:DirectoryHandler
FontType:Invalid
OutlineFileName:D:\Dropbox\Public\archtour\Font\svg\arrow_right.svg
FileModTime:1435724783
%EndFont

%BeginFont
Handler:DirectoryHandler
FontType:Invalid
OutlineFileName:D:\Dropbox\Public\archtour\Font\svg\click.svg
FileModTime:1435728426
%EndFont

%BeginFont
Handler:DirectoryHandler
FontType:Invalid
OutlineFileName:D:\Dropbox\Public\archtour\Font\svg\close.svg
FileModTime:1435724141
%EndFont

%BeginFont
Handler:DirectoryHandler
FontType:Invalid
OutlineFileName:D:\Dropbox\Public\archtour\Font\svg\ctai.svg
FileModTime:1435728742
%EndFont

%BeginFont
Handler:DirectoryHandler
FontType:Invalid
OutlineFileName:D:\Dropbox\Public\archtour\Font\svg\gallery.svg
FileModTime:1435724627
%EndFont

%BeginFont
Handler:DirectoryHandler
FontType:Invalid
OutlineFileName:D:\Dropbox\Public\archtour\Font\svg\menu.svg
FileModTime:1435724072
%EndFont

%BeginFont
Handler:DirectoryHandler
FontType:Invalid
OutlineFileName:D:\Dropbox\Public\archtour\Font\svg\reload.svg
FileModTime:1437286679
%EndFont

%BeginFont
Handler:DirectoryHandler
FontType:Invalid
OutlineFileName:D:\Dropbox\Public\archtour\Font\svg\reposition.svg
FileModTime:1435724425
%EndFont

%BeginFont
Handler:DirectoryHandler
FontType:Invalid
OutlineFileName:D:\Dropbox\Public\archtour\Font\svg\search.svg
FileModTime:1435724071
%EndFont

